

ֲֽ׃ׂ׀ֵֽֽ ־״ְֱָ:  !dbobji.cpp@8615: eNotOpenForWrite

12/28/2015 at 01:36:58.224  ׳ונעוז: C:\Users\Vitaut\Desktop\׳ונעוז1.dwg
-------------


ֲֽ׃ׂ׀ֵֽֽ ־״ְֱָ:  !dbobji.cpp@8615: eNotOpenForWrite

12/28/2015 at 01:38:49.679  ׳ונעוז: C:\Users\Vitaut\Desktop\׳ונעוז1.dwg
-------------


ֲֽ׃ׂ׀ֵֽֽ ־״ְֱָ:  !dbobji.cpp@8615: eNotOpenForWrite

12/28/2015 at 01:40:35.256  ׳ונעוז: C:\Users\Vitaut\Desktop\׳ונעוז1.dwg
-------------


ֲֽ׃ׂ׀ֵֽֽ ־״ְֱָ:  !dbobji.cpp@8615: eNotOpenForWrite

12/28/2015 at 01:43:45.695  ׳ונעוז: C:\Users\Vitaut\Desktop\׳ונעוז1.dwg
-------------


ֲֽ׃ׂ׀ֵֽֽ ־״ְֱָ:  !dbobji.cpp@8615: eNotOpenForWrite

12/28/2015 at 01:45:06.758  ׳ונעוז: C:\Users\Vitaut\Desktop\׳ונעוז1.dwg
-------------


ֲֽ׃ׂ׀ֵֽֽ ־״ְֱָ:  !dbobji.cpp@8615: eNotOpenForWrite

12/28/2015 at 01:52:34.552  ׳ונעוז: C:\Users\Vitaut\Desktop\׳ונעוז1.dwg
-------------


ֲֽ׃ׂ׀ֵֽֽ ־״ְֱָ:  !dbobji.cpp@8615: eNotOpenForWrite

12/28/2015 at 01:58:02.478  ׳ונעוז: C:\Users\Vitaut\Desktop\׳ונעוז1.dwg
-------------


ֲֽ׃ׂ׀ֵֽֽ ־״ְֱָ:  !dbobji.cpp@8615: eNotOpenForWrite

12/28/2015 at 01:59:07.890  ׳ונעוז: ׳ונעוז1.dwg
-------------


ֲֽ׃ׂ׀ֵֽֽ ־״ְֱָ:  !dbobji.cpp@8615: eNotOpenForWrite

12/28/2015 at 02:01:03.881  ׳ונעוז: ׳ונעוז1.dwg
-------------


ֲֽ׃ׂ׀ֵֽֽ ־״ְֱָ:  !dbobji.cpp@8615: eNotOpenForWrite

02/07/2016 at 21:14:45.913  ׳ונעוז: C:\Users\Vitaut\Desktop\׳ונעוז1.dwg
-------------


ֲֽ׃ׂ׀ֵֽֽ ־״ְֱָ:  !dbobji.cpp@8615: eNotOpenForWrite

02/07/2016 at 21:15:36.542  ׳ונעוז: C:\Users\Vitaut\Desktop\׳ונעוז1.dwg
-------------


ֲֽ׃ׂ׀ֵֽֽ ־״ְֱָ:  !dbobji.cpp@345

02/13/2016 at 08:09:10.598  ׳ונעוז: C:\Users\Vitaut\Desktop\׳ונעוז1.dwg
-------------


ֲֽ׃ׂ׀ֵֽֽ ־״ְֱָ:  !dbobji.cpp@8615: eNotOpenForWrite

02/29/2016 at 23:00:22.762  ׳ונעוז: C:\Users\Vitaut\Documents\׳ונעוז11.dwg
-------------
