

ֲֽ׃ׂ׀ֵֽֽ ־״ְֱָ:  Undo Filing Failed for Class:TVS_TAP


07/20/2015 at 12:02:02.631  ׳ונעוז: D:\הכ ׂוסעמג.dwg
-------------


ֲֽ׃ׂ׀ֵֽֽ ־״ְֱָ:  Undo Filing Failed for Class:TVS_TAP


07/20/2015 at 12:07:55.886  ׳ונעוז: D:\הכ ׂוסעמג.dwg
-------------


ֲֽ׃ׂ׀ֵֽֽ ־״ְֱָ:  Undo Filing Failed for Class:TVS_TAP


07/20/2015 at 12:10:21.202  ׳ונעוז: D:\הכ ׂוסעמג.dwg
-------------


ֲֽ׃ׂ׀ֵֽֽ ־״ְֱָ:  !dbobji.cpp@8615: eNotOpenForWrite

07/20/2015 at 14:21:26.880  ׳ונעוז: D:\הכ ׂוסעמג.dwg
-------------


ֲֽ׃ׂ׀ֵֽֽ ־״ְֱָ:  !dbobji.cpp@8615: eNotOpenForWrite

07/20/2015 at 15:07:43.317  ׳ונעוז: D:\הכ ׂוסעמג.dwg
-------------


ֲֽ׃ׂ׀ֵֽֽ ־״ְֱָ:  !dbobji.cpp@8615: eNotOpenForWrite

07/20/2015 at 15:22:15.829  ׳ונעוז: D:\הכ ׂוסעמג.dwg
-------------


ֲֽ׃ׂ׀ֵֽֽ ־״ְֱָ:  !dbobji.cpp@345

07/20/2015 at 19:02:56.172  ׳ונעוז: D:\הכ ׂוסעמג.dwg
-------------


ֲֽ׃ׂ׀ֵֽֽ ־״ְֱָ:  !dbobji.cpp@8615: eNotOpenForWrite

07/26/2015 at 05:32:37.255  ׳ונעוז: D:\עוסע.dwg
-------------


ֲֽ׃ׂ׀ֵֽֽ ־״ְֱָ:  !dbobji.cpp@8615: eNotOpenForWrite

07/27/2015 at 05:01:04.689  ׳ונעוז: D:\עוסע.dwg
-------------


ֲֽ׃ׂ׀ֵֽֽ ־״ְֱָ:  !dbobji.cpp@8615: eNotOpenForWrite

07/27/2015 at 05:02:47.824  ׳ונעוז: D:\עוסע.dwg
-------------


ֲֽ׃ׂ׀ֵֽֽ ־״ְֱָ:  !dbobji.cpp@8615: eNotOpenForWrite

07/27/2015 at 05:03:40.162  ׳ונעוז: D:\עוסע.dwg
-------------


ֲֽ׃ׂ׀ֵֽֽ ־״ְֱָ:  !dbobji.cpp@345

07/27/2015 at 05:09:01.545  ׳ונעוז: D:\עוסע.dwg
-------------


ֲֽ׃ׂ׀ֵֽֽ ־״ְֱָ:  !dbobji.cpp@345

07/27/2015 at 05:13:52.986  ׳ונעוז: D:\עוסע.dwg
-------------
